[ 50%] [32mBuilding CXX object CMakeFiles/simple_publisher.dir/src/simple_publisher.cpp.o[0m
[01m[K/home/daniel/danbot_v1_ws/src/test_ground/src/simple_publisher.cpp:40:65:[m[K [01;31m[Kerror: [m[Kâ€˜[01m[KSetBool[m[Kâ€™ is not a member of â€˜[01m[Kstd_srvs::srv[m[Kâ€™
   40 | void toggle_publishing(const std::shared_ptr<std_srvs::srv::[01;31m[KSetBool[m[K::Request> request,
      |                                                             [01;31m[K^~~~~~~[m[K

[01m[K/home/daniel/danbot_v1_ws/src/test_ground/src/simple_publisher.cpp:40:81:[m[K [01;31m[Kerror: [m[Ktemplate argument 1 is invalid
   40 | lishing(const std::shared_ptr<std_srvs::srv::SetBool::Request[01;31m[K>[m[K request,
      |                                                              [01;31m[K^[m[K

[01m[K/home/daniel/danbot_v1_ws/src/test_ground/src/simple_publisher.cpp:40:65:[m[K [01;31m[Kerror: [m[Kâ€˜[01m[KSetBool[m[Kâ€™ is not a member of â€˜[01m[Kstd_srvs::srv[m[Kâ€™
   40 | void toggle_publishing(const std::shared_ptr<std_srvs::srv::[01;31m[KSetBool[m[K::Request> request,
      |                                                             [01;31m[K^~~~~~~[m[K

[01m[K/home/daniel/danbot_v1_ws/src/test_ground/src/simple_publisher.cpp:40:81:[m[K [01;31m[Kerror: [m[Ktemplate argument 1 is invalid
   40 | lishing(const std::shared_ptr<std_srvs::srv::SetBool::Request[01;31m[K>[m[K request,
      |                                                              [01;31m[K^[m[K

[01m[K/home/daniel/danbot_v1_ws/src/test_ground/src/simple_publisher.cpp:40:65:[m[K [01;31m[Kerror: [m[Kâ€˜[01m[KSetBool[m[Kâ€™ is not a member of â€˜[01m[Kstd_srvs::srv[m[Kâ€™
   40 | void toggle_publishing(const std::shared_ptr<std_srvs::srv::[01;31m[KSetBool[m[K::Request> request,
      |                                                             [01;31m[K^~~~~~~[m[K

[01m[K/home/daniel/danbot_v1_ws/src/test_ground/src/simple_publisher.cpp:40:81:[m[K [01;31m[Kerror: [m[Ktemplate argument 1 is invalid
   40 | lishing(const std::shared_ptr<std_srvs::srv::SetBool::Request[01;31m[K>[m[K request,
      |                                                              [01;31m[K^[m[K

[01m[K/home/daniel/danbot_v1_ws/src/test_ground/src/simple_publisher.cpp:40:34:[m[K [01;31m[Kerror: [m[Kinvalid template-id
   40 |     void toggle_publishing(const [01;31m[Kstd[m[K::shared_ptr<std_srvs::srv::SetBool::Request> request,
      |                                  [01;31m[K^~~[m[K
[01m[K/home/daniel/danbot_v1_ws/src/test_ground/src/simple_publisher.cpp:40:65:[m[K [01;31m[Kerror: [m[Kâ€˜[01m[Kstd_srvs::srv::SetBool[m[Kâ€™ has not been declared
   40 | void toggle_publishing(const std::shared_ptr<std_srvs::srv::[01;31m[KSetBool[m[K::Request> request,
      |                                                             [01;31m[K^~~~~~~[m[K

[01m[K/home/daniel/danbot_v1_ws/src/test_ground/src/simple_publisher.cpp:40:28:[m[K [01;31m[Kerror: [m[Kmissing template argument list after â€˜[01m[Kstd::shared_ptr[m[Kâ€™; template placeholder not permitted in parameter
   40 |     void toggle_publishing([01;31m[Kconst[m[K std::shared_ptr<std_srvs::srv::SetBool::Request> request,
      |                            [01;31m[K^~~~~[m[K
      |                                 [32m[K<>[m[K
In file included from [01m[K/usr/include/c++/13/bits/shared_ptr.h:53[m[K,
                 from [01m[K/usr/include/c++/13/memory:80[m[K,
                 from [01m[K/opt/ros/jazzy/include/rclcpp/rclcpp/rclcpp.hpp:169[m[K,
                 from [01m[K/home/daniel/danbot_v1_ws/src/test_ground/src/simple_publisher.cpp:1[m[K:
[01m[K/usr/include/c++/13/bits/shared_ptr_base.h:395:11:[m[K [01;36m[Knote: [m[Kâ€˜[01m[Ktemplate<class _Tp> class std::shared_ptr[m[Kâ€™ declared here
  395 |     class [01;36m[Kshared_ptr[m[K;
      |           [01;36m[K^~~~~~~~~~[m[K
[01m[K/home/daniel/danbot_v1_ws/src/test_ground/src/simple_publisher.cpp:41:59:[m[K [01;31m[Kerror: [m[Kâ€˜[01m[KSetBool[m[Kâ€™ is not a member of â€˜[01m[Kstd_srvs::srv[m[Kâ€™
   41 |                            std::shared_ptr<std_srvs::srv::[01;31m[KSetBool[m[K::Response> response)
      |                                                           [01;31m[K^~~~~~~[m[K
[01m[K/home/daniel/danbot_v1_ws/src/test_ground/src/simple_publisher.cpp:41:76:[m[K [01;31m[Kerror: [m[Ktemplate argument 1 is invalid
   41 |             std::shared_ptr<std_srvs::srv::SetBool::Response[01;31m[K>[m[K response)
      |                                                             [01;31m[K^[m[K

[01m[K/home/daniel/danbot_v1_ws/src/test_ground/src/simple_publisher.cpp:41:59:[m[K [01;31m[Kerror: [m[Kâ€˜[01m[KSetBool[m[Kâ€™ is not a member of â€˜[01m[Kstd_srvs::srv[m[Kâ€™
   41 |                            std::shared_ptr<std_srvs::srv::[01;31m[KSetBool[m[K::Response> response)
      |                                                           [01;31m[K^~~~~~~[m[K
[01m[K/home/daniel/danbot_v1_ws/src/test_ground/src/simple_publisher.cpp:41:76:[m[K [01;31m[Kerror: [m[Ktemplate argument 1 is invalid
   41 |             std::shared_ptr<std_srvs::srv::SetBool::Response[01;31m[K>[m[K response)
      |                                                             [01;31m[K^[m[K

[01m[K/home/daniel/danbot_v1_ws/src/test_ground/src/simple_publisher.cpp:41:59:[m[K [01;31m[Kerror: [m[Kâ€˜[01m[KSetBool[m[Kâ€™ is not a member of â€˜[01m[Kstd_srvs::srv[m[Kâ€™
   41 |                            std::shared_ptr<std_srvs::srv::[01;31m[KSetBool[m[K::Response> response)
      |                                                           [01;31m[K^~~~~~~[m[K
[01m[K/home/daniel/danbot_v1_ws/src/test_ground/src/simple_publisher.cpp:41:76:[m[K [01;31m[Kerror: [m[Ktemplate argument 1 is invalid
   41 |             std::shared_ptr<std_srvs::srv::SetBool::Response[01;31m[K>[m[K response)
      |                                                             [01;31m[K^[m[K

[01m[K/home/daniel/danbot_v1_ws/src/test_ground/src/simple_publisher.cpp:41:28:[m[K [01;31m[Kerror: [m[Kinvalid template-id
   41 |                            [01;31m[Kstd[m[K::shared_ptr<std_srvs::srv::SetBool::Response> response)
      |                            [01;31m[K^~~[m[K
[01m[K/home/daniel/danbot_v1_ws/src/test_ground/src/simple_publisher.cpp:41:59:[m[K [01;31m[Kerror: [m[Kâ€˜[01m[Kstd_srvs::srv::SetBool[m[Kâ€™ has not been declared
   41 |                            std::shared_ptr<std_srvs::srv::[01;31m[KSetBool[m[K::Response> response)
      |                                                           [01;31m[K^~~~~~~[m[K
[01m[K/home/daniel/danbot_v1_ws/src/test_ground/src/simple_publisher.cpp:41:28:[m[K [01;31m[Kerror: [m[Kmissing template argument list after â€˜[01m[Kstd::shared_ptr[m[Kâ€™; template placeholder not permitted in parameter
   41 |                            [01;31m[Kstd[m[K::shared_ptr<std_srvs::srv::SetBool::Response> response)
      |                            [01;31m[K^~~[m[K
      |                               [32m[K<>[m[K
[01m[K/usr/include/c++/13/bits/shared_ptr_base.h:395:11:[m[K [01;36m[Knote: [m[Kâ€˜[01m[Ktemplate<class _Tp> class std::shared_ptr[m[Kâ€™ declared here
  395 |     class [01;36m[Kshared_ptr[m[K;
      |           [01;36m[K^~~~~~~~~~[m[K
[01m[K/home/daniel/danbot_v1_ws/src/test_ground/src/simple_publisher.cpp:61:36:[m[K [01;31m[Kerror: [m[Kâ€˜[01m[KSetBool[m[Kâ€™ is not a member of â€˜[01m[Kstd_srvs::srv[m[Kâ€™
   61 |     rclcpp::Service<std_srvs::srv::[01;31m[KSetBool[m[K>::SharedPtr service_;  // Servicio para controlar la publicaciÃ³n
      |                                    [01;31m[K^~~~~~~[m[K
[01m[K/home/daniel/danbot_v1_ws/src/test_ground/src/simple_publisher.cpp:61:43:[m[K [01;31m[Kerror: [m[Ktemplate argument 1 is invalid
   61 |     rclcpp::Service<std_srvs::srv::SetBool[01;31m[K>[m[K::SharedPtr service_;  // Servicio para controlar la publicaciÃ³n
      |                                           [01;31m[K^[m[K
[01m[K/home/daniel/danbot_v1_ws/src/test_ground/src/simple_publisher.cpp:61:46:[m[K [01;31m[Kerror: [m[Kexpected â€˜[01m[K;[m[Kâ€™ at end of member declaration
   61 |     rclcpp::Service<std_srvs::srv::SetBool>::[01;31m[KSharedPtr[m[K service_;  // Servicio para controlar la publicaciÃ³n
      |                                              [01;31m[K^~~~~~~~~[m[K
      |                                                       [32m[K;[m[K
[01m[K/home/daniel/danbot_v1_ws/src/test_ground/src/simple_publisher.cpp:61:56:[m[K [01;31m[Kerror: [m[Kâ€˜[01m[Kservice_[m[Kâ€™ does not name a type
   61 |     rclcpp::Service<std_srvs::srv::SetBool>::SharedPtr [01;31m[Kservice_[m[K;  // Servicio para controlar la publicaciÃ³n
      |                                                        [01;31m[K^~~~~~~~[m[K
[01m[K/home/daniel/danbot_v1_ws/src/test_ground/src/simple_publisher.cpp:[m[K In constructor â€˜[01m[KSimplePublisher::[01;32m[KSimplePublisher[m[K()[m[Kâ€™:
[01m[K/home/daniel/danbot_v1_ws/src/test_ground/src/simple_publisher.cpp:16:9:[m[K [01;31m[Kerror: [m[Kâ€˜[01m[Kservice_[m[Kâ€™ was not declared in this scope; did you mean â€˜[01m[Kservice_msgs[m[Kâ€™?
   16 |         [01;31m[Kservice_[m[K = this->create_service<std_srvs::srv::SetBool>(
      |         [01;31m[K^~~~~~~~[m[K
      |         [32m[Kservice_msgs[m[K
[01m[K/home/daniel/danbot_v1_ws/src/test_ground/src/simple_publisher.cpp:16:56:[m[K [01;31m[Kerror: [m[Kâ€˜[01m[KSetBool[m[Kâ€™ is not a member of â€˜[01m[Kstd_srvs::srv[m[Kâ€™
   16 |         service_ = this->create_service<std_srvs::srv::[01;31m[KSetBool[m[K>(
      |                                                        [01;31m[K^~~~~~~[m[K
[01m[K/home/daniel/danbot_v1_ws/src/test_ground/src/simple_publisher.cpp:16:64:[m[K [01;31m[Kerror: [m[Kno matching function for call to â€˜[01m[KSimplePublisher::create_service<<expression error> >(const char [18], std::_Bind_helper<false, void (SimplePublisher::*)(...), SimplePublisher*, const std::_Placeholder<1>&, const std::_Placeholder<2>&>::type)[m[Kâ€™
   16 |         service_ = [01;31m[Kthis->create_service<std_srvs::srv::SetBool>([m[K
      |                    [01;31m[K~~~~~~~~~~~~~~~~~~~~~~~~~~~~~~~~~~~~~~~~~~~~^[m[K
   17 | [01;31m[K            "toggle_publishing",[m[K
      |             [01;31m[K~~~~~~~~~~~~~~~~~~~~[m[K                                
   18 | [01;31m[K            std::bind(&SimplePublisher::toggle_publishing, this, std::placeholders::_1, std::placeholders::_2))[m[K;
      |             [01;31m[K~~~~~~~~~~~~~~~~~~~~~~~~~~~~~~~~~~~~~~~~~~~~~~~~~~~~~~~~~~~~~~~~~~~~~~~~~~~~~~~~~~~~~~~~~~~~~~~~~~~[m[K
In file included from [01m[K/opt/ros/jazzy/include/rclcpp/rclcpp/executors/single_threaded_executor.hpp:28[m[K,
                 from [01m[K/opt/ros/jazzy/include/rclcpp/rclcpp/executors.hpp:22[m[K,
                 from [01m[K/opt/ros/jazzy/include/rclcpp/rclcpp/rclcpp.hpp:172[m[K:
[01m[K/opt/ros/jazzy/include/rclcpp/rclcpp/node.hpp:302:3:[m[K [01;36m[Knote: [m[Kcandidate: â€˜[01m[Ktemplate<class ServiceT, class CallbackT> typename rclcpp::Service<ServiceT>::SharedPtr rclcpp::Node::[01;32m[Kcreate_service[m[K(const std::string&, CallbackT&&, const rmw_qos_profile_t&, rclcpp::CallbackGroup::SharedPtr)[m[Kâ€™
  302 |   [01;36m[Kcreate_service[m[K(
      |   [01;36m[K^~~~~~~~~~~~~~[m[K
[01m[K/opt/ros/jazzy/include/rclcpp/rclcpp/node.hpp:302:3:[m[K [01;36m[Knote: [m[K  candidate expects 3 arguments, 2 provided
[01m[K/opt/ros/jazzy/include/rclcpp/rclcpp/node.hpp:318:3:[m[K [01;36m[Knote: [m[Kcandidate: â€˜[01m[Ktemplate<class ServiceT, class CallbackT> typename rclcpp::Service<ServiceT>::SharedPtr rclcpp::Node::[01;32m[Kcreate_service[m[K(const std::string&, CallbackT&&, const rclcpp::QoS&, rclcpp::CallbackGroup::SharedPtr)[m[Kâ€™
  318 |   [01;36m[Kcreate_service[m[K(
      |   [01;36m[K^~~~~~~~~~~~~~[m[K
[01m[K/opt/ros/jazzy/include/rclcpp/rclcpp/node.hpp:318:3:[m[K [01;36m[Knote: [m[K  template argument deduction/substitution failed:
[01m[K/home/daniel/danbot_v1_ws/src/test_ground/src/simple_publisher.cpp:16:64:[m[K [01;31m[Kerror: [m[Ktemplate argument 1 is invalid
   16 |         service_ = [01;31m[Kthis->create_service<std_srvs::srv::SetBool>([m[K
      |                    [01;31m[K~~~~~~~~~~~~~~~~~~~~~~~~~~~~~~~~~~~~~~~~~~~~^[m[K
   17 | [01;31m[K            "toggle_publishing",[m[K
      |             [01;31m[K~~~~~~~~~~~~~~~~~~~~[m[K                                
   18 | [01;31m[K            std::bind(&SimplePublisher::toggle_publishing, this, std::placeholders::_1, std::placeholders::_2))[m[K;
      |             [01;31m[K~~~~~~~~~~~~~~~~~~~~~~~~~~~~~~~~~~~~~~~~~~~~~~~~~~~~~~~~~~~~~~~~~~~~~~~~~~~~~~~~~~~~~~~~~~~~~~~~~~~[m[K
[01m[K/home/daniel/danbot_v1_ws/src/test_ground/src/simple_publisher.cpp:[m[K In member function â€˜[01m[Kvoid SimplePublisher::[01;32m[Ktoggle_publishing[m[K(...)[m[Kâ€™:
[01m[K/home/daniel/danbot_v1_ws/src/test_ground/src/simple_publisher.cpp:43:26:[m[K [01;31m[Kerror: [m[Kâ€˜[01m[Krequest[m[Kâ€™ was not declared in this scope
   43 |         is_publishing_ = [01;31m[Krequest[m[K->data;
      |                          [01;31m[K^~~~~~~[m[K
[01m[K/home/daniel/danbot_v1_ws/src/test_ground/src/simple_publisher.cpp:44:9:[m[K [01;31m[Kerror: [m[Kâ€˜[01m[Kresponse[m[Kâ€™ was not declared in this scope
   44 |         [01;31m[Kresponse[m[K->success = true;
      |         [01;31m[K^~~~~~~~[m[K
[01m[K/home/daniel/danbot_v1_ws/src/test_ground/src/simple_publisher.cpp:[m[K In member function â€˜[01m[Kvoid SimplePublisher::[01;32m[Kshutdown_node[m[K(std::shared_ptr<std_srvs::srv::Trigger_Request_<std::allocator<void> > >, std::shared_ptr<std_srvs::srv::Trigger_Response_<std::allocator<void> > >)[m[Kâ€™:
[01m[K/home/daniel/danbot_v1_ws/src/test_ground/src/simple_publisher.cpp:50:79:[m[K [01;35m[Kwarning: [m[Kunused parameter â€˜[01m[Krequest[m[Kâ€™ [[01;35m[K]8;;https://gcc.gnu.org/onlinedocs/gcc/Warning-Options.html#index-Wunused-parameter-Wunused-parameter]8;;[m[K]
   50 | wn_node([01;35m[Kconst std::shared_ptr<std_srvs::srv::Trigger::Request> request[m[K,
      |         [01;35m[K~~~~~~~~~~~~~~~~~~~~~~~~~~~~~~~~~~~~~~~~~~~~~~~~~~~~~~~^~~~~~~[m[K

gmake[2]: *** [CMakeFiles/simple_publisher.dir/build.make:76: CMakeFiles/simple_publisher.dir/src/simple_publisher.cpp.o] Error 1
gmake[1]: *** [CMakeFiles/Makefile2:137: CMakeFiles/simple_publisher.dir/all] Error 2
gmake: *** [Makefile:146: all] Error 2
