[ 16%] [32mBuilding CXX object CMakeFiles/custom_publisher.dir/src/custom_publisher.cpp.o[0m
[ 50%] Built target simple_publisher
[ 83%] Built target simple_subscriber
[01m[K/home/daniel/danbot_v1_ws/src/test_ground/src/custom_publisher.cpp:63:23:[m[K [01;31m[Kerror: [m[Kâ€˜[01m[Kcustom_msgs[m[Kâ€™ was not declared in this scope
   63 |     rclcpp::Publisher<[01;31m[Kcustom_msgs[m[K::msg::CustomMessage>::SharedPtr publisher_;
      |                       [01;31m[K^~~~~~~~~~~[m[K
[01m[K/home/daniel/danbot_v1_ws/src/test_ground/src/custom_publisher.cpp:63:54:[m[K [01;31m[Kerror: [m[Ktemplate argument 1 is invalid
   63 |     rclcpp::Publisher<custom_msgs::msg::CustomMessage[01;31m[K>[m[K::SharedPtr publisher_;
      |                                                      [01;31m[K^[m[K
[01m[K/home/daniel/danbot_v1_ws/src/test_ground/src/custom_publisher.cpp:63:57:[m[K [01;31m[Kerror: [m[Kexpected â€˜[01m[K;[m[Kâ€™ at end of member declaration
   63 |     rclcpp::Publisher<custom_msgs::msg::CustomMessage>::[01;31m[KSharedPtr[m[K publisher_;
      |                                                         [01;31m[K^~~~~~~~~[m[K
      |                                                                  [32m[K;[m[K
[01m[K/home/daniel/danbot_v1_ws/src/test_ground/src/custom_publisher.cpp:63:67:[m[K [01;31m[Kerror: [m[Kâ€˜[01m[Kpublisher_[m[Kâ€™ does not name a type; did you mean â€˜[01m[Krmw_publisher_t[m[Kâ€™?
   63 |     rclcpp::Publisher<custom_msgs::msg::CustomMessage>::SharedPtr [01;31m[Kpublisher_[m[K;
      |                                                                   [01;31m[K^~~~~~~~~~[m[K
      |                                                                   [32m[Krmw_publisher_t[m[K
[01m[K/home/daniel/danbot_v1_ws/src/test_ground/src/custom_publisher.cpp:[m[K In constructor â€˜[01m[KCustomPublisher::[01;32m[KCustomPublisher[m[K()[m[Kâ€™:
[01m[K/home/daniel/danbot_v1_ws/src/test_ground/src/custom_publisher.cpp:12:9:[m[K [01;31m[Kerror: [m[Kâ€˜[01m[Kpublisher_[m[Kâ€™ was not declared in this scope; did you mean â€˜[01m[Krmw_publisher_t[m[Kâ€™?
   12 |         [01;31m[Kpublisher_[m[K = this->create_publisher<custom_msgs::msg::CustomMessage>("custom_topic", 10);
      |         [01;31m[K^~~~~~~~~~[m[K
      |         [32m[Krmw_publisher_t[m[K
[01m[K/home/daniel/danbot_v1_ws/src/test_ground/src/custom_publisher.cpp:12:45:[m[K [01;31m[Kerror: [m[Kâ€˜[01m[Kcustom_msgs[m[Kâ€™ was not declared in this scope
   12 |         publisher_ = this->create_publisher<[01;31m[Kcustom_msgs[m[K::msg::CustomMessage>("custom_topic", 10);
      |                                             [01;31m[K^~~~~~~~~~~[m[K
[01m[K/home/daniel/danbot_v1_ws/src/test_ground/src/custom_publisher.cpp:12:28:[m[K [01;31m[Kerror: [m[Kparse error in template argument list
   12 |         publisher_ = this->[01;31m[Kcreate_publisher<custom_msgs::msg::CustomMessage>[m[K("custom_topic", 10);
      |                            [01;31m[K^~~~~~~~~~~~~~~~~~~~~~~~~~~~~~~~~~~~~~~~~~~~~~~~~[m[K
[01m[K/home/daniel/danbot_v1_ws/src/test_ground/src/custom_publisher.cpp:12:77:[m[K [01;31m[Kerror: [m[Kno matching function for call to â€˜[01m[KCustomPublisher::create_publisher<<expression error> >(const char [13], int)[m[Kâ€™
   12 |         publisher_ = [01;31m[Kthis->create_publisher<custom_msgs::msg::CustomMessage>("custom_topic", 10)[m[K;
      |                      [01;31m[K~~~~~~~~~~~~~~~~~~~~~~~~~~~~~~~~~~~~~~~~~~~~~~~~~~~~~~~^~~~~~~~~~~~~~~~~~~~[m[K
In file included from [01m[K/opt/ros/jazzy/include/rclcpp/rclcpp/executors/single_threaded_executor.hpp:28[m[K,
                 from [01m[K/opt/ros/jazzy/include/rclcpp/rclcpp/executors.hpp:22[m[K,
                 from [01m[K/opt/ros/jazzy/include/rclcpp/rclcpp/rclcpp.hpp:172[m[K,
                 from [01m[K/home/daniel/danbot_v1_ws/src/test_ground/src/custom_publisher.cpp:2[m[K:
[01m[K/opt/ros/jazzy/include/rclcpp/rclcpp/node.hpp:197:3:[m[K [01;36m[Knote: [m[Kcandidate: â€˜[01m[Ktemplate<class MessageT, class AllocatorT, class PublisherT> std::shared_ptr<PublisherT> rclcpp::Node::[01;32m[Kcreate_publisher[m[K(const std::string&, const rclcpp::QoS&, const rclcpp::PublisherOptionsWithAllocator<AllocatorT>&)[m[Kâ€™
  197 |   [01;36m[Kcreate_publisher[m[K(
      |   [01;36m[K^~~~~~~~~~~~~~~~[m[K
[01m[K/opt/ros/jazzy/include/rclcpp/rclcpp/node.hpp:197:3:[m[K [01;36m[Knote: [m[K  template argument deduction/substitution failed:
[01m[K/home/daniel/danbot_v1_ws/src/test_ground/src/custom_publisher.cpp:12:77:[m[K [01;31m[Kerror: [m[Ktemplate argument 1 is invalid
   12 |         publisher_ = [01;31m[Kthis->create_publisher<custom_msgs::msg::CustomMessage>("custom_topic", 10)[m[K;
      |                      [01;31m[K~~~~~~~~~~~~~~~~~~~~~~~~~~~~~~~~~~~~~~~~~~~~~~~~~~~~~~~^~~~~~~~~~~~~~~~~~~~[m[K
[01m[K/home/daniel/danbot_v1_ws/src/test_ground/src/custom_publisher.cpp:[m[K In member function â€˜[01m[Kvoid CustomPublisher::[01;32m[Ktimer_callback[m[K()[m[Kâ€™:
[01m[K/home/daniel/danbot_v1_ws/src/test_ground/src/custom_publisher.cpp:36:24:[m[K [01;31m[Kerror: [m[Kâ€˜[01m[Kcustom_msgs[m[Kâ€™ has not been declared
   36 |         auto message = [01;31m[Kcustom_msgs[m[K::msg::CustomMessage();
      |                        [01;31m[K^~~~~~~~~~~[m[K
[01m[K/home/daniel/danbot_v1_ws/src/test_ground/src/custom_publisher.cpp:42:9:[m[K [01;31m[Kerror: [m[Kâ€˜[01m[Kpublisher_[m[Kâ€™ was not declared in this scope; did you mean â€˜[01m[Krmw_publisher_t[m[Kâ€™?
   42 |         [01;31m[Kpublisher_[m[K->publish(message);
      |         [01;31m[K^~~~~~~~~~[m[K
      |         [32m[Krmw_publisher_t[m[K
[01m[K/home/daniel/danbot_v1_ws/src/test_ground/src/custom_publisher.cpp:[m[K In function â€˜[01m[Kint[01;32m[K main[m[K(int, char**)[m[Kâ€™:
[01m[K/home/daniel/danbot_v1_ws/src/test_ground/src/custom_publisher.cpp:74:11:[m[K [01;31m[Kerror: [m[Kâ€˜[01m[Krclcpp::node_interfaces::OnSetParametersCallbackHandle::SharedPtr CustomPublisher::parameter_callback_handle_[m[Kâ€™ is private within this context
   74 |     node->[01;31m[Kparameter_callback_handle_[m[K = node->add_on_set_parameters_callback(
      |           [01;31m[K^~~~~~~~~~~~~~~~~~~~~~~~~~[m[K
[01m[K/home/daniel/danbot_v1_ws/src/test_ground/src/custom_publisher.cpp:65:71:[m[K [01;36m[Knote: [m[Kdeclared private here
   65 |     rclcpp::node_interfaces::OnSetParametersCallbackHandle::SharedPtr [01;36m[Kparameter_callback_handle_[m[K;
      |                                                                       [01;36m[K^~~~~~~~~~~~~~~~~~~~~~~~~~[m[K
[01m[K/home/daniel/danbot_v1_ws/src/test_ground/src/custom_publisher.cpp:75:37:[m[K [01;31m[Kerror: [m[Kâ€˜[01m[Krcl_interfaces::msg::SetParametersResult CustomPublisher::[01;32m[Kparameter_callback[m[K(const std::vector<rclcpp::Parameter>&)[m[Kâ€™ is private within this context
   75 |         std::bind(&CustomPublisher::[01;31m[Kparameter_callback[m[K, node.get(), std::placeholders::_1));
      |                                     [01;31m[K^~~~~~~~~~~~~~~~~~[m[K
[01m[K/home/daniel/danbot_v1_ws/src/test_ground/src/custom_publisher.cpp:46:46:[m[K [01;36m[Knote: [m[Kdeclared private here
   46 |     rcl_interfaces::msg::SetParametersResult [01;36m[Kparameter_callback[m[K(
      |                                              [01;36m[K^~~~~~~~~~~~~~~~~~[m[K
gmake[2]: *** [CMakeFiles/custom_publisher.dir/build.make:76: CMakeFiles/custom_publisher.dir/src/custom_publisher.cpp.o] Error 1
gmake[1]: *** [CMakeFiles/Makefile2:193: CMakeFiles/custom_publisher.dir/all] Error 2
gmake: *** [Makefile:146: all] Error 2
