[0.016s] Invoking command in '/home/daniel/danbot_v1_ws/build/test_ground': CMAKE_PREFIX_PATH=${CMAKE_PREFIX_PATH}:/opt/ros/jazzy DEBUGINFOD_URLS=https://debuginfod.ubuntu.com /usr/bin/cmake --build /home/daniel/danbot_v1_ws/build/test_ground -- -j4 -l4
[0.119s] [ 16%] [32mBuilding CXX object CMakeFiles/custom_publisher.dir/src/custom_publisher.cpp.o[0m
[0.127s] [ 50%] Built target simple_publisher
[0.140s] [ 83%] Built target simple_subscriber
[3.373s] [01m[K/home/daniel/danbot_v1_ws/src/test_ground/src/custom_publisher.cpp:63:23:[m[K [01;31m[Kerror: [m[Kâ€˜[01m[Kcustom_msgs[m[Kâ€™ was not declared in this scope
[3.373s]    63 |     rclcpp::Publisher<[01;31m[Kcustom_msgs[m[K::msg::CustomMessage>::SharedPtr publisher_;
[3.373s]       |                       [01;31m[K^~~~~~~~~~~[m[K
[3.373s] [01m[K/home/daniel/danbot_v1_ws/src/test_ground/src/custom_publisher.cpp:63:54:[m[K [01;31m[Kerror: [m[Ktemplate argument 1 is invalid
[3.373s]    63 |     rclcpp::Publisher<custom_msgs::msg::CustomMessage[01;31m[K>[m[K::SharedPtr publisher_;
[3.373s]       |                                                      [01;31m[K^[m[K
[3.374s] [01m[K/home/daniel/danbot_v1_ws/src/test_ground/src/custom_publisher.cpp:63:57:[m[K [01;31m[Kerror: [m[Kexpected â€˜[01m[K;[m[Kâ€™ at end of member declaration
[3.374s]    63 |     rclcpp::Publisher<custom_msgs::msg::CustomMessage>::[01;31m[KSharedPtr[m[K publisher_;
[3.374s]       |                                                         [01;31m[K^~~~~~~~~[m[K
[3.374s]       |                                                                  [32m[K;[m[K
[3.374s] [01m[K/home/daniel/danbot_v1_ws/src/test_ground/src/custom_publisher.cpp:63:67:[m[K [01;31m[Kerror: [m[Kâ€˜[01m[Kpublisher_[m[Kâ€™ does not name a type; did you mean â€˜[01m[Krmw_publisher_t[m[Kâ€™?
[3.374s]    63 |     rclcpp::Publisher<custom_msgs::msg::CustomMessage>::SharedPtr [01;31m[Kpublisher_[m[K;
[3.374s]       |                                                                   [01;31m[K^~~~~~~~~~[m[K
[3.375s]       |                                                                   [32m[Krmw_publisher_t[m[K
[3.393s] [01m[K/home/daniel/danbot_v1_ws/src/test_ground/src/custom_publisher.cpp:[m[K In constructor â€˜[01m[KCustomPublisher::[01;32m[KCustomPublisher[m[K()[m[Kâ€™:
[3.393s] [01m[K/home/daniel/danbot_v1_ws/src/test_ground/src/custom_publisher.cpp:12:9:[m[K [01;31m[Kerror: [m[Kâ€˜[01m[Kpublisher_[m[Kâ€™ was not declared in this scope; did you mean â€˜[01m[Krmw_publisher_t[m[Kâ€™?
[3.393s]    12 |         [01;31m[Kpublisher_[m[K = this->create_publisher<custom_msgs::msg::CustomMessage>("custom_topic", 10);
[3.394s]       |         [01;31m[K^~~~~~~~~~[m[K
[3.394s]       |         [32m[Krmw_publisher_t[m[K
[3.402s] [01m[K/home/daniel/danbot_v1_ws/src/test_ground/src/custom_publisher.cpp:12:45:[m[K [01;31m[Kerror: [m[Kâ€˜[01m[Kcustom_msgs[m[Kâ€™ was not declared in this scope
[3.402s]    12 |         publisher_ = this->create_publisher<[01;31m[Kcustom_msgs[m[K::msg::CustomMessage>("custom_topic", 10);
[3.402s]       |                                             [01;31m[K^~~~~~~~~~~[m[K
[3.402s] [01m[K/home/daniel/danbot_v1_ws/src/test_ground/src/custom_publisher.cpp:12:28:[m[K [01;31m[Kerror: [m[Kparse error in template argument list
[3.403s]    12 |         publisher_ = this->[01;31m[Kcreate_publisher<custom_msgs::msg::CustomMessage>[m[K("custom_topic", 10);
[3.403s]       |                            [01;31m[K^~~~~~~~~~~~~~~~~~~~~~~~~~~~~~~~~~~~~~~~~~~~~~~~~[m[K
[3.403s] [01m[K/home/daniel/danbot_v1_ws/src/test_ground/src/custom_publisher.cpp:12:77:[m[K [01;31m[Kerror: [m[Kno matching function for call to â€˜[01m[KCustomPublisher::create_publisher<<expression error> >(const char [13], int)[m[Kâ€™
[3.403s]    12 |         publisher_ = [01;31m[Kthis->create_publisher<custom_msgs::msg::CustomMessage>("custom_topic", 10)[m[K;
[3.403s]       |                      [01;31m[K~~~~~~~~~~~~~~~~~~~~~~~~~~~~~~~~~~~~~~~~~~~~~~~~~~~~~~~^~~~~~~~~~~~~~~~~~~~[m[K
[3.403s] In file included from [01m[K/opt/ros/jazzy/include/rclcpp/rclcpp/executors/single_threaded_executor.hpp:28[m[K,
[3.403s]                  from [01m[K/opt/ros/jazzy/include/rclcpp/rclcpp/executors.hpp:22[m[K,
[3.403s]                  from [01m[K/opt/ros/jazzy/include/rclcpp/rclcpp/rclcpp.hpp:172[m[K,
[3.403s]                  from [01m[K/home/daniel/danbot_v1_ws/src/test_ground/src/custom_publisher.cpp:2[m[K:
[3.403s] [01m[K/opt/ros/jazzy/include/rclcpp/rclcpp/node.hpp:197:3:[m[K [01;36m[Knote: [m[Kcandidate: â€˜[01m[Ktemplate<class MessageT, class AllocatorT, class PublisherT> std::shared_ptr<PublisherT> rclcpp::Node::[01;32m[Kcreate_publisher[m[K(const std::string&, const rclcpp::QoS&, const rclcpp::PublisherOptionsWithAllocator<AllocatorT>&)[m[Kâ€™
[3.404s]   197 |   [01;36m[Kcreate_publisher[m[K(
[3.404s]       |   [01;36m[K^~~~~~~~~~~~~~~~[m[K
[3.414s] [01m[K/opt/ros/jazzy/include/rclcpp/rclcpp/node.hpp:197:3:[m[K [01;36m[Knote: [m[K  template argument deduction/substitution failed:
[3.414s] [01m[K/home/daniel/danbot_v1_ws/src/test_ground/src/custom_publisher.cpp:12:77:[m[K [01;31m[Kerror: [m[Ktemplate argument 1 is invalid
[3.414s]    12 |         publisher_ = [01;31m[Kthis->create_publisher<custom_msgs::msg::CustomMessage>("custom_topic", 10)[m[K;
[3.414s]       |                      [01;31m[K~~~~~~~~~~~~~~~~~~~~~~~~~~~~~~~~~~~~~~~~~~~~~~~~~~~~~~~^~~~~~~~~~~~~~~~~~~~[m[K
[3.428s] [01m[K/home/daniel/danbot_v1_ws/src/test_ground/src/custom_publisher.cpp:[m[K In member function â€˜[01m[Kvoid CustomPublisher::[01;32m[Ktimer_callback[m[K()[m[Kâ€™:
[3.428s] [01m[K/home/daniel/danbot_v1_ws/src/test_ground/src/custom_publisher.cpp:36:24:[m[K [01;31m[Kerror: [m[Kâ€˜[01m[Kcustom_msgs[m[Kâ€™ has not been declared
[3.428s]    36 |         auto message = [01;31m[Kcustom_msgs[m[K::msg::CustomMessage();
[3.428s]       |                        [01;31m[K^~~~~~~~~~~[m[K
[3.442s] [01m[K/home/daniel/danbot_v1_ws/src/test_ground/src/custom_publisher.cpp:42:9:[m[K [01;31m[Kerror: [m[Kâ€˜[01m[Kpublisher_[m[Kâ€™ was not declared in this scope; did you mean â€˜[01m[Krmw_publisher_t[m[Kâ€™?
[3.442s]    42 |         [01;31m[Kpublisher_[m[K->publish(message);
[3.442s]       |         [01;31m[K^~~~~~~~~~[m[K
[3.442s]       |         [32m[Krmw_publisher_t[m[K
[3.448s] [01m[K/home/daniel/danbot_v1_ws/src/test_ground/src/custom_publisher.cpp:[m[K In function â€˜[01m[Kint[01;32m[K main[m[K(int, char**)[m[Kâ€™:
[3.448s] [01m[K/home/daniel/danbot_v1_ws/src/test_ground/src/custom_publisher.cpp:74:11:[m[K [01;31m[Kerror: [m[Kâ€˜[01m[Krclcpp::node_interfaces::OnSetParametersCallbackHandle::SharedPtr CustomPublisher::parameter_callback_handle_[m[Kâ€™ is private within this context
[3.448s]    74 |     node->[01;31m[Kparameter_callback_handle_[m[K = node->add_on_set_parameters_callback(
[3.449s]       |           [01;31m[K^~~~~~~~~~~~~~~~~~~~~~~~~~[m[K
[3.449s] [01m[K/home/daniel/danbot_v1_ws/src/test_ground/src/custom_publisher.cpp:65:71:[m[K [01;36m[Knote: [m[Kdeclared private here
[3.449s]    65 |     rclcpp::node_interfaces::OnSetParametersCallbackHandle::SharedPtr [01;36m[Kparameter_callback_handle_[m[K;
[3.449s]       |                                                                       [01;36m[K^~~~~~~~~~~~~~~~~~~~~~~~~~[m[K
[3.449s] [01m[K/home/daniel/danbot_v1_ws/src/test_ground/src/custom_publisher.cpp:75:37:[m[K [01;31m[Kerror: [m[Kâ€˜[01m[Krcl_interfaces::msg::SetParametersResult CustomPublisher::[01;32m[Kparameter_callback[m[K(const std::vector<rclcpp::Parameter>&)[m[Kâ€™ is private within this context
[3.449s]    75 |         std::bind(&CustomPublisher::[01;31m[Kparameter_callback[m[K, node.get(), std::placeholders::_1));
[3.449s]       |                                     [01;31m[K^~~~~~~~~~~~~~~~~~[m[K
[3.449s] [01m[K/home/daniel/danbot_v1_ws/src/test_ground/src/custom_publisher.cpp:46:46:[m[K [01;36m[Knote: [m[Kdeclared private here
[3.451s]    46 |     rcl_interfaces::msg::SetParametersResult [01;36m[Kparameter_callback[m[K(
[3.451s]       |                                              [01;36m[K^~~~~~~~~~~~~~~~~~[m[K
[4.514s] gmake[2]: *** [CMakeFiles/custom_publisher.dir/build.make:76: CMakeFiles/custom_publisher.dir/src/custom_publisher.cpp.o] Error 1
[4.514s] gmake[1]: *** [CMakeFiles/Makefile2:193: CMakeFiles/custom_publisher.dir/all] Error 2
[4.514s] gmake: *** [Makefile:146: all] Error 2
